debug: Wed, 01 Sep 2021 08:36:32 GMT
debug: Project: /Users/chandankrishnani/CocosPractice/PracticeProject1
debug: Targets: editor,preview
debug: Incremental file seems great.
debug: Engine path: /Users/chandankrishnani/Documents/project/CocosCreator 2.app/Contents/Resources/resources/3d/engine
debug: Initializing target [Editor]
debug: Loading cache
debug: Loading cache costs 2.3100140001624823ms.
debug: Engine features shipped in editor: base,gfx-webgl,gfx-webgl2,3d,2d,ui,particle,particle-2d,physics-framework,physics-2d-framework,intersection-2d,primitive,profiler,audio,video,terrain,webview,tween,tiled-map,spine,dragon-bones
debug: Initializing target [Preview]
debug: Loading cache
debug: Loading cache costs 2.6517049996182323ms.
debug: Sync engine features: base,gfx-webgl,2d,ui,physics-2d-box2d,intersection-2d,profiler,particle-2d,audio,video,webview,tween,tiled-map,spine,dragon-bones
debug: Pulling asset-db.
debug: Fetch asset-db cost: 30.325894000008702ms.
debug: Build iteration starts.
Number of accumulated asset changes: 2
Feature changed: false
debug: Target(editor) build started.
debug: Detected change: cce:/internal/x/cc. Last mtime: Thu Jan 01 1970 05:30:10 GMT+0530 (India Standard Time), Current mtime: Thu Jan 01 1970 05:30:08 GMT+0530 (India Standard Time)
debug: Inspect cce:/internal/x/cc
debug: Resolve cce:/internal/x/cc-fu/base from cce:/internal/x/cc as external dependency cce:/internal/x/cc-fu/base.
debug: Resolve cce:/internal/x/cc-fu/gfx-webgl from cce:/internal/x/cc as external dependency cce:/internal/x/cc-fu/gfx-webgl.
debug: Resolve cce:/internal/x/cc-fu/gfx-webgl2 from cce:/internal/x/cc as external dependency cce:/internal/x/cc-fu/gfx-webgl2.
debug: Resolve cce:/internal/x/cc-fu/3d from cce:/internal/x/cc as external dependency cce:/internal/x/cc-fu/3d.
debug: Resolve cce:/internal/x/cc-fu/2d from cce:/internal/x/cc as external dependency cce:/internal/x/cc-fu/2d.
debug: Resolve cce:/internal/x/cc-fu/ui from cce:/internal/x/cc as external dependency cce:/internal/x/cc-fu/ui.
debug: Resolve cce:/internal/x/cc-fu/particle from cce:/internal/x/cc as external dependency cce:/internal/x/cc-fu/particle.
debug: Resolve cce:/internal/x/cc-fu/particle-2d from cce:/internal/x/cc as external dependency cce:/internal/x/cc-fu/particle-2d.
debug: Resolve cce:/internal/x/cc-fu/physics-framework from cce:/internal/x/cc as external dependency cce:/internal/x/cc-fu/physics-framework.
debug: Resolve cce:/internal/x/cc-fu/physics-2d-framework from cce:/internal/x/cc as external dependency cce:/internal/x/cc-fu/physics-2d-framework.
debug: Resolve cce:/internal/x/cc-fu/intersection-2d from cce:/internal/x/cc as external dependency cce:/internal/x/cc-fu/intersection-2d.
debug: Resolve cce:/internal/x/cc-fu/primitive from cce:/internal/x/cc as external dependency cce:/internal/x/cc-fu/primitive.
debug: Resolve cce:/internal/x/cc-fu/profiler from cce:/internal/x/cc as external dependency cce:/internal/x/cc-fu/profiler.
debug: Resolve cce:/internal/x/cc-fu/audio from cce:/internal/x/cc as external dependency cce:/internal/x/cc-fu/audio.
debug: Resolve cce:/internal/x/cc-fu/video from cce:/internal/x/cc as external dependency cce:/internal/x/cc-fu/video.
debug: Resolve cce:/internal/x/cc-fu/terrain from cce:/internal/x/cc as external dependency cce:/internal/x/cc-fu/terrain.
debug: Resolve cce:/internal/x/cc-fu/webview from cce:/internal/x/cc as external dependency cce:/internal/x/cc-fu/webview.
debug: Resolve cce:/internal/x/cc-fu/tween from cce:/internal/x/cc as external dependency cce:/internal/x/cc-fu/tween.
debug: Resolve cce:/internal/x/cc-fu/tiled-map from cce:/internal/x/cc as external dependency cce:/internal/x/cc-fu/tiled-map.
debug: Resolve cce:/internal/x/cc-fu/spine from cce:/internal/x/cc as external dependency cce:/internal/x/cc-fu/spine.
debug: Resolve cce:/internal/x/cc-fu/dragon-bones from cce:/internal/x/cc as external dependency cce:/internal/x/cc-fu/dragon-bones.
debug: Detected change: cce:/internal/x/prerequisite-imports. Last mtime: Thu Jan 01 1970 08:17:16 GMT+0530 (India Standard Time), Current mtime: Thu Jan 01 1970 05:30:21 GMT+0530 (India Standard Time)
debug: Inspect cce:/internal/x/prerequisite-imports
debug: Resolve file:///Users/chandankrishnani/CocosPractice/PracticeProject1/assets/Scripts/Mouseevents.ts from cce:/internal/x/prerequisite-imports as file:///Users/chandankrishnani/CocosPractice/PracticeProject1/assets/Scripts/Mouseevents.ts.
debug: Resolve file:///Users/chandankrishnani/CocosPractice/PracticeProject1/assets/Scripts/Movement.ts from cce:/internal/x/prerequisite-imports as file:///Users/chandankrishnani/CocosPractice/PracticeProject1/assets/Scripts/Movement.ts.
debug: Target(editor) ends with cost 125.7723600002937ms.
debug: Target(preview) build started.
debug: Detected change: cce:/internal/x/cc. Last mtime: Thu Jan 01 1970 05:30:10 GMT+0530 (India Standard Time), Current mtime: Thu Jan 01 1970 05:30:08 GMT+0530 (India Standard Time)
debug: Inspect cce:/internal/x/cc
debug: Resolve cce:/internal/x/cc-fu/base from cce:/internal/x/cc as external dependency cce:/internal/x/cc-fu/base.
debug: Resolve cce:/internal/x/cc-fu/gfx-webgl from cce:/internal/x/cc as external dependency cce:/internal/x/cc-fu/gfx-webgl.
debug: Resolve cce:/internal/x/cc-fu/2d from cce:/internal/x/cc as external dependency cce:/internal/x/cc-fu/2d.
debug: Resolve cce:/internal/x/cc-fu/ui from cce:/internal/x/cc as external dependency cce:/internal/x/cc-fu/ui.
debug: Resolve cce:/internal/x/cc-fu/physics-2d-box2d from cce:/internal/x/cc as external dependency cce:/internal/x/cc-fu/physics-2d-box2d.
debug: Resolve cce:/internal/x/cc-fu/physics-2d-framework from cce:/internal/x/cc as external dependency cce:/internal/x/cc-fu/physics-2d-framework.
debug: Resolve cce:/internal/x/cc-fu/intersection-2d from cce:/internal/x/cc as external dependency cce:/internal/x/cc-fu/intersection-2d.
debug: Resolve cce:/internal/x/cc-fu/profiler from cce:/internal/x/cc as external dependency cce:/internal/x/cc-fu/profiler.
debug: Resolve cce:/internal/x/cc-fu/particle-2d from cce:/internal/x/cc as external dependency cce:/internal/x/cc-fu/particle-2d.
debug: Resolve cce:/internal/x/cc-fu/audio from cce:/internal/x/cc as external dependency cce:/internal/x/cc-fu/audio.
debug: Resolve cce:/internal/x/cc-fu/video from cce:/internal/x/cc as external dependency cce:/internal/x/cc-fu/video.
debug: Resolve cce:/internal/x/cc-fu/webview from cce:/internal/x/cc as external dependency cce:/internal/x/cc-fu/webview.
debug: Resolve cce:/internal/x/cc-fu/tween from cce:/internal/x/cc as external dependency cce:/internal/x/cc-fu/tween.
debug: Resolve cce:/internal/x/cc-fu/tiled-map from cce:/internal/x/cc as external dependency cce:/internal/x/cc-fu/tiled-map.
debug: Resolve cce:/internal/x/cc-fu/spine from cce:/internal/x/cc as external dependency cce:/internal/x/cc-fu/spine.
debug: Resolve cce:/internal/x/cc-fu/dragon-bones from cce:/internal/x/cc as external dependency cce:/internal/x/cc-fu/dragon-bones.
debug: Detected change: cce:/internal/x/prerequisite-imports. Last mtime: Thu Jan 01 1970 08:17:16 GMT+0530 (India Standard Time), Current mtime: Thu Jan 01 1970 05:30:21 GMT+0530 (India Standard Time)
debug: Inspect cce:/internal/x/prerequisite-imports
debug: Resolve file:///Users/chandankrishnani/CocosPractice/PracticeProject1/assets/Scripts/Mouseevents.ts from cce:/internal/x/prerequisite-imports as file:///Users/chandankrishnani/CocosPractice/PracticeProject1/assets/Scripts/Mouseevents.ts.
debug: Resolve file:///Users/chandankrishnani/CocosPractice/PracticeProject1/assets/Scripts/Movement.ts from cce:/internal/x/prerequisite-imports as file:///Users/chandankrishnani/CocosPractice/PracticeProject1/assets/Scripts/Movement.ts.
debug: Target(preview) ends with cost 134.42815500032157ms.
debug: Dispatch build request for time accumulated 1 asset changes.
debug: Build iteration starts.
Number of accumulated asset changes: 1
Feature changed: false
debug: Target(editor) build started.
debug: Detected change: cce:/internal/x/prerequisite-imports. Last mtime: Thu Jan 01 1970 05:30:21 GMT+0530 (India Standard Time), Current mtime: Thu Jan 01 1970 05:31:04 GMT+0530 (India Standard Time)
debug: Inspect cce:/internal/x/prerequisite-imports
debug: Resolve file:///Users/chandankrishnani/CocosPractice/PracticeProject1/assets/Scripts/Mouseevents.ts from cce:/internal/x/prerequisite-imports as file:///Users/chandankrishnani/CocosPractice/PracticeProject1/assets/Scripts/Mouseevents.ts.
debug: Resolve file:///Users/chandankrishnani/CocosPractice/PracticeProject1/assets/Scripts/Movement.ts from cce:/internal/x/prerequisite-imports as file:///Users/chandankrishnani/CocosPractice/PracticeProject1/assets/Scripts/Movement.ts.
debug: Detected change: file:///Users/chandankrishnani/CocosPractice/PracticeProject1/assets/Scripts/Mouseevents.ts. Last mtime: Wed Sep 01 2021 13:23:57 GMT+0530 (India Standard Time), Current mtime: Wed Sep 01 2021 14:07:24 GMT+0530 (India Standard Time)
debug: Inspect file:///Users/chandankrishnani/CocosPractice/PracticeProject1/assets/Scripts/Mouseevents.ts
debug: Resolve cc from file:///Users/chandankrishnani/CocosPractice/PracticeProject1/assets/Scripts/Mouseevents.ts as cce:/internal/x/cc.
debug: Resolve cc from file:///Users/chandankrishnani/CocosPractice/PracticeProject1/assets/Scripts/Mouseevents.ts as cce:/internal/x/cc.
debug: Target(editor) ends with cost 108.006982000079ms.
debug: Target(preview) build started.
debug: Detected change: cce:/internal/x/prerequisite-imports. Last mtime: Thu Jan 01 1970 05:30:21 GMT+0530 (India Standard Time), Current mtime: Thu Jan 01 1970 05:31:04 GMT+0530 (India Standard Time)
debug: Inspect cce:/internal/x/prerequisite-imports
debug: Resolve file:///Users/chandankrishnani/CocosPractice/PracticeProject1/assets/Scripts/Mouseevents.ts from cce:/internal/x/prerequisite-imports as file:///Users/chandankrishnani/CocosPractice/PracticeProject1/assets/Scripts/Mouseevents.ts.
debug: Resolve file:///Users/chandankrishnani/CocosPractice/PracticeProject1/assets/Scripts/Movement.ts from cce:/internal/x/prerequisite-imports as file:///Users/chandankrishnani/CocosPractice/PracticeProject1/assets/Scripts/Movement.ts.
debug: Detected change: file:///Users/chandankrishnani/CocosPractice/PracticeProject1/assets/Scripts/Mouseevents.ts. Last mtime: Wed Sep 01 2021 13:23:57 GMT+0530 (India Standard Time), Current mtime: Wed Sep 01 2021 14:07:24 GMT+0530 (India Standard Time)
debug: Inspect file:///Users/chandankrishnani/CocosPractice/PracticeProject1/assets/Scripts/Mouseevents.ts
debug: Resolve cc from file:///Users/chandankrishnani/CocosPractice/PracticeProject1/assets/Scripts/Mouseevents.ts as cce:/internal/x/cc.
debug: Resolve cc from file:///Users/chandankrishnani/CocosPractice/PracticeProject1/assets/Scripts/Mouseevents.ts as cce:/internal/x/cc.
debug: Target(preview) ends with cost 608.2473190003075ms.
debug: Dispatch build request for time accumulated 1 asset changes.
debug: Build iteration starts.
Number of accumulated asset changes: 1
Feature changed: false
debug: Target(editor) build started.
debug: Detected change: cce:/internal/x/prerequisite-imports. Last mtime: Thu Jan 01 1970 05:31:04 GMT+0530 (India Standard Time), Current mtime: Thu Jan 01 1970 05:37:07 GMT+0530 (India Standard Time)
debug: Inspect cce:/internal/x/prerequisite-imports
debug: Resolve file:///Users/chandankrishnani/CocosPractice/PracticeProject1/assets/Scripts/Mouseevents.ts from cce:/internal/x/prerequisite-imports as file:///Users/chandankrishnani/CocosPractice/PracticeProject1/assets/Scripts/Mouseevents.ts.
debug: Resolve file:///Users/chandankrishnani/CocosPractice/PracticeProject1/assets/Scripts/Movement.ts from cce:/internal/x/prerequisite-imports as file:///Users/chandankrishnani/CocosPractice/PracticeProject1/assets/Scripts/Movement.ts.
debug: Detected change: file:///Users/chandankrishnani/CocosPractice/PracticeProject1/assets/Scripts/Mouseevents.ts. Last mtime: Wed Sep 01 2021 14:07:24 GMT+0530 (India Standard Time), Current mtime: Wed Sep 01 2021 14:13:28 GMT+0530 (India Standard Time)
debug: Inspect file:///Users/chandankrishnani/CocosPractice/PracticeProject1/assets/Scripts/Mouseevents.ts
debug: Resolve cc from file:///Users/chandankrishnani/CocosPractice/PracticeProject1/assets/Scripts/Mouseevents.ts as cce:/internal/x/cc.
debug: Resolve cc from file:///Users/chandankrishnani/CocosPractice/PracticeProject1/assets/Scripts/Mouseevents.ts as cce:/internal/x/cc.
debug: Target(editor) ends with cost 107.82721100002527ms.
debug: Target(preview) build started.
debug: Detected change: cce:/internal/x/prerequisite-imports. Last mtime: Thu Jan 01 1970 05:31:04 GMT+0530 (India Standard Time), Current mtime: Thu Jan 01 1970 05:37:07 GMT+0530 (India Standard Time)
debug: Inspect cce:/internal/x/prerequisite-imports
debug: Resolve file:///Users/chandankrishnani/CocosPractice/PracticeProject1/assets/Scripts/Mouseevents.ts from cce:/internal/x/prerequisite-imports as file:///Users/chandankrishnani/CocosPractice/PracticeProject1/assets/Scripts/Mouseevents.ts.
debug: Resolve file:///Users/chandankrishnani/CocosPractice/PracticeProject1/assets/Scripts/Movement.ts from cce:/internal/x/prerequisite-imports as file:///Users/chandankrishnani/CocosPractice/PracticeProject1/assets/Scripts/Movement.ts.
debug: Detected change: file:///Users/chandankrishnani/CocosPractice/PracticeProject1/assets/Scripts/Mouseevents.ts. Last mtime: Wed Sep 01 2021 14:07:24 GMT+0530 (India Standard Time), Current mtime: Wed Sep 01 2021 14:13:28 GMT+0530 (India Standard Time)
debug: Inspect file:///Users/chandankrishnani/CocosPractice/PracticeProject1/assets/Scripts/Mouseevents.ts
debug: Resolve cc from file:///Users/chandankrishnani/CocosPractice/PracticeProject1/assets/Scripts/Mouseevents.ts as cce:/internal/x/cc.
debug: Resolve cc from file:///Users/chandankrishnani/CocosPractice/PracticeProject1/assets/Scripts/Mouseevents.ts as cce:/internal/x/cc.
debug: Target(preview) ends with cost 194.29615900013596ms.
debug: Dispatch build request for time accumulated 1 asset changes.
debug: Build iteration starts.
Number of accumulated asset changes: 1
Feature changed: false
debug: Target(editor) build started.
debug: Detected change: cce:/internal/x/prerequisite-imports. Last mtime: Thu Jan 01 1970 05:37:07 GMT+0530 (India Standard Time), Current mtime: Thu Jan 01 1970 05:39:48 GMT+0530 (India Standard Time)
debug: Inspect cce:/internal/x/prerequisite-imports
debug: Resolve file:///Users/chandankrishnani/CocosPractice/PracticeProject1/assets/Scripts/Movement.ts from cce:/internal/x/prerequisite-imports as file:///Users/chandankrishnani/CocosPractice/PracticeProject1/assets/Scripts/Movement.ts.
debug: Resolve file:///Users/chandankrishnani/CocosPractice/PracticeProject1/assets/Scripts/Mouseevents.ts from cce:/internal/x/prerequisite-imports as file:///Users/chandankrishnani/CocosPractice/PracticeProject1/assets/Scripts/Mouseevents.ts.
debug: Detected change: file:///Users/chandankrishnani/CocosPractice/PracticeProject1/assets/Scripts/Mouseevents.ts. Last mtime: Wed Sep 01 2021 14:13:28 GMT+0530 (India Standard Time), Current mtime: Wed Sep 01 2021 14:16:08 GMT+0530 (India Standard Time)
debug: Inspect file:///Users/chandankrishnani/CocosPractice/PracticeProject1/assets/Scripts/Mouseevents.ts
debug: Resolve cc from file:///Users/chandankrishnani/CocosPractice/PracticeProject1/assets/Scripts/Mouseevents.ts as cce:/internal/x/cc.
debug: Resolve cc from file:///Users/chandankrishnani/CocosPractice/PracticeProject1/assets/Scripts/Mouseevents.ts as cce:/internal/x/cc.
debug: Target(editor) ends with cost 85.00811899965629ms.
debug: Target(preview) build started.
debug: Detected change: cce:/internal/x/prerequisite-imports. Last mtime: Thu Jan 01 1970 05:37:07 GMT+0530 (India Standard Time), Current mtime: Thu Jan 01 1970 05:39:48 GMT+0530 (India Standard Time)
debug: Inspect cce:/internal/x/prerequisite-imports
debug: Resolve file:///Users/chandankrishnani/CocosPractice/PracticeProject1/assets/Scripts/Mouseevents.ts from cce:/internal/x/prerequisite-imports as file:///Users/chandankrishnani/CocosPractice/PracticeProject1/assets/Scripts/Mouseevents.ts.
debug: Resolve file:///Users/chandankrishnani/CocosPractice/PracticeProject1/assets/Scripts/Movement.ts from cce:/internal/x/prerequisite-imports as file:///Users/chandankrishnani/CocosPractice/PracticeProject1/assets/Scripts/Movement.ts.
debug: Detected change: file:///Users/chandankrishnani/CocosPractice/PracticeProject1/assets/Scripts/Mouseevents.ts. Last mtime: Wed Sep 01 2021 14:13:28 GMT+0530 (India Standard Time), Current mtime: Wed Sep 01 2021 14:16:08 GMT+0530 (India Standard Time)
debug: Inspect file:///Users/chandankrishnani/CocosPractice/PracticeProject1/assets/Scripts/Mouseevents.ts
debug: Resolve cc from file:///Users/chandankrishnani/CocosPractice/PracticeProject1/assets/Scripts/Mouseevents.ts as cce:/internal/x/cc.
debug: Resolve cc from file:///Users/chandankrishnani/CocosPractice/PracticeProject1/assets/Scripts/Mouseevents.ts as cce:/internal/x/cc.
debug: Target(preview) ends with cost 182.24599299998954ms.
debug: Dispatch build request for time accumulated 1 asset changes.
debug: Build iteration starts.
Number of accumulated asset changes: 1
Feature changed: false
debug: Target(editor) build started.
debug: Detected change: cce:/internal/x/prerequisite-imports. Last mtime: Thu Jan 01 1970 05:39:48 GMT+0530 (India Standard Time), Current mtime: Thu Jan 01 1970 05:46:47 GMT+0530 (India Standard Time)
debug: Inspect cce:/internal/x/prerequisite-imports
debug: Resolve file:///Users/chandankrishnani/CocosPractice/PracticeProject1/assets/Scripts/Mouseevents.ts from cce:/internal/x/prerequisite-imports as file:///Users/chandankrishnani/CocosPractice/PracticeProject1/assets/Scripts/Mouseevents.ts.
debug: Resolve file:///Users/chandankrishnani/CocosPractice/PracticeProject1/assets/Scripts/Movement.ts from cce:/internal/x/prerequisite-imports as file:///Users/chandankrishnani/CocosPractice/PracticeProject1/assets/Scripts/Movement.ts.
debug: Detected change: file:///Users/chandankrishnani/CocosPractice/PracticeProject1/assets/Scripts/Mouseevents.ts. Last mtime: Wed Sep 01 2021 14:16:08 GMT+0530 (India Standard Time), Current mtime: Wed Sep 01 2021 14:23:06 GMT+0530 (India Standard Time)
debug: Inspect file:///Users/chandankrishnani/CocosPractice/PracticeProject1/assets/Scripts/Mouseevents.ts
debug: Resolve cc from file:///Users/chandankrishnani/CocosPractice/PracticeProject1/assets/Scripts/Mouseevents.ts as cce:/internal/x/cc.
debug: Resolve cc from file:///Users/chandankrishnani/CocosPractice/PracticeProject1/assets/Scripts/Mouseevents.ts as cce:/internal/x/cc.
debug: Target(editor) ends with cost 88.14046400040388ms.
debug: Target(preview) build started.
debug: Detected change: cce:/internal/x/prerequisite-imports. Last mtime: Thu Jan 01 1970 05:39:48 GMT+0530 (India Standard Time), Current mtime: Thu Jan 01 1970 05:46:47 GMT+0530 (India Standard Time)
debug: Inspect cce:/internal/x/prerequisite-imports
debug: Resolve file:///Users/chandankrishnani/CocosPractice/PracticeProject1/assets/Scripts/Mouseevents.ts from cce:/internal/x/prerequisite-imports as file:///Users/chandankrishnani/CocosPractice/PracticeProject1/assets/Scripts/Mouseevents.ts.
debug: Resolve file:///Users/chandankrishnani/CocosPractice/PracticeProject1/assets/Scripts/Movement.ts from cce:/internal/x/prerequisite-imports as file:///Users/chandankrishnani/CocosPractice/PracticeProject1/assets/Scripts/Movement.ts.
debug: Detected change: file:///Users/chandankrishnani/CocosPractice/PracticeProject1/assets/Scripts/Mouseevents.ts. Last mtime: Wed Sep 01 2021 14:16:08 GMT+0530 (India Standard Time), Current mtime: Wed Sep 01 2021 14:23:06 GMT+0530 (India Standard Time)
debug: Inspect file:///Users/chandankrishnani/CocosPractice/PracticeProject1/assets/Scripts/Mouseevents.ts
debug: Resolve cc from file:///Users/chandankrishnani/CocosPractice/PracticeProject1/assets/Scripts/Mouseevents.ts as cce:/internal/x/cc.
debug: Resolve cc from file:///Users/chandankrishnani/CocosPractice/PracticeProject1/assets/Scripts/Mouseevents.ts as cce:/internal/x/cc.
debug: Target(preview) ends with cost 219.2171750003472ms.
debug: Dispatch build request for time accumulated 1 asset changes.
debug: Build iteration starts.
Number of accumulated asset changes: 1
Feature changed: false
debug: Target(editor) build started.
debug: Detected change: cce:/internal/x/prerequisite-imports. Last mtime: Thu Jan 01 1970 05:46:47 GMT+0530 (India Standard Time), Current mtime: Thu Jan 01 1970 06:10:09 GMT+0530 (India Standard Time)
debug: Inspect cce:/internal/x/prerequisite-imports
debug: Resolve file:///Users/chandankrishnani/CocosPractice/PracticeProject1/assets/Scripts/Mouseevents.ts from cce:/internal/x/prerequisite-imports as file:///Users/chandankrishnani/CocosPractice/PracticeProject1/assets/Scripts/Mouseevents.ts.
debug: Resolve file:///Users/chandankrishnani/CocosPractice/PracticeProject1/assets/Scripts/Movement.ts from cce:/internal/x/prerequisite-imports as file:///Users/chandankrishnani/CocosPractice/PracticeProject1/assets/Scripts/Movement.ts.
debug: Detected change: file:///Users/chandankrishnani/CocosPractice/PracticeProject1/assets/Scripts/Mouseevents.ts. Last mtime: Wed Sep 01 2021 14:23:06 GMT+0530 (India Standard Time), Current mtime: Wed Sep 01 2021 14:46:31 GMT+0530 (India Standard Time)
debug: Inspect file:///Users/chandankrishnani/CocosPractice/PracticeProject1/assets/Scripts/Mouseevents.ts
debug: Resolve cc from file:///Users/chandankrishnani/CocosPractice/PracticeProject1/assets/Scripts/Mouseevents.ts as cce:/internal/x/cc.
debug: Resolve cc from file:///Users/chandankrishnani/CocosPractice/PracticeProject1/assets/Scripts/Mouseevents.ts as cce:/internal/x/cc.
debug: Target(editor) ends with cost 95.7576470002532ms.
debug: Target(preview) build started.
debug: Detected change: cce:/internal/x/prerequisite-imports. Last mtime: Thu Jan 01 1970 05:46:47 GMT+0530 (India Standard Time), Current mtime: Thu Jan 01 1970 06:10:09 GMT+0530 (India Standard Time)
debug: Inspect cce:/internal/x/prerequisite-imports
debug: Resolve file:///Users/chandankrishnani/CocosPractice/PracticeProject1/assets/Scripts/Movement.ts from cce:/internal/x/prerequisite-imports as file:///Users/chandankrishnani/CocosPractice/PracticeProject1/assets/Scripts/Movement.ts.
debug: Resolve file:///Users/chandankrishnani/CocosPractice/PracticeProject1/assets/Scripts/Mouseevents.ts from cce:/internal/x/prerequisite-imports as file:///Users/chandankrishnani/CocosPractice/PracticeProject1/assets/Scripts/Mouseevents.ts.
debug: Detected change: file:///Users/chandankrishnani/CocosPractice/PracticeProject1/assets/Scripts/Mouseevents.ts. Last mtime: Wed Sep 01 2021 14:23:06 GMT+0530 (India Standard Time), Current mtime: Wed Sep 01 2021 14:46:31 GMT+0530 (India Standard Time)
debug: Inspect file:///Users/chandankrishnani/CocosPractice/PracticeProject1/assets/Scripts/Mouseevents.ts
debug: Resolve cc from file:///Users/chandankrishnani/CocosPractice/PracticeProject1/assets/Scripts/Mouseevents.ts as cce:/internal/x/cc.
debug: Resolve cc from file:///Users/chandankrishnani/CocosPractice/PracticeProject1/assets/Scripts/Mouseevents.ts as cce:/internal/x/cc.
debug: Target(preview) ends with cost 94.29965900070965ms.
debug: Dispatch build request for time accumulated 1 asset changes.
debug: Build iteration starts.
Number of accumulated asset changes: 1
Feature changed: false
debug: Target(editor) build started.
debug: Detected change: cce:/internal/x/prerequisite-imports. Last mtime: Thu Jan 01 1970 06:10:09 GMT+0530 (India Standard Time), Current mtime: Thu Jan 01 1970 06:52:57 GMT+0530 (India Standard Time)
debug: Inspect cce:/internal/x/prerequisite-imports
debug: Resolve file:///Users/chandankrishnani/CocosPractice/PracticeProject1/assets/Scripts/Location.ts from cce:/internal/x/prerequisite-imports as file:///Users/chandankrishnani/CocosPractice/PracticeProject1/assets/Scripts/Location.ts.
debug: Resolve file:///Users/chandankrishnani/CocosPractice/PracticeProject1/assets/Scripts/Mouseevents.ts from cce:/internal/x/prerequisite-imports as file:///Users/chandankrishnani/CocosPractice/PracticeProject1/assets/Scripts/Mouseevents.ts.
debug: Resolve file:///Users/chandankrishnani/CocosPractice/PracticeProject1/assets/Scripts/Movement.ts from cce:/internal/x/prerequisite-imports as file:///Users/chandankrishnani/CocosPractice/PracticeProject1/assets/Scripts/Movement.ts.
debug: Inspect file:///Users/chandankrishnani/CocosPractice/PracticeProject1/assets/Scripts/Location.ts
debug: Resolve cc from file:///Users/chandankrishnani/CocosPractice/PracticeProject1/assets/Scripts/Location.ts as cce:/internal/x/cc.
debug: Resolve cc from file:///Users/chandankrishnani/CocosPractice/PracticeProject1/assets/Scripts/Location.ts as cce:/internal/x/cc.
debug: Target(editor) ends with cost 56.20620900020003ms.
debug: Target(preview) build started.
debug: Detected change: cce:/internal/x/prerequisite-imports. Last mtime: Thu Jan 01 1970 06:10:09 GMT+0530 (India Standard Time), Current mtime: Thu Jan 01 1970 06:52:57 GMT+0530 (India Standard Time)
debug: Inspect cce:/internal/x/prerequisite-imports
debug: Resolve file:///Users/chandankrishnani/CocosPractice/PracticeProject1/assets/Scripts/Location.ts from cce:/internal/x/prerequisite-imports as file:///Users/chandankrishnani/CocosPractice/PracticeProject1/assets/Scripts/Location.ts.
debug: Resolve file:///Users/chandankrishnani/CocosPractice/PracticeProject1/assets/Scripts/Mouseevents.ts from cce:/internal/x/prerequisite-imports as file:///Users/chandankrishnani/CocosPractice/PracticeProject1/assets/Scripts/Mouseevents.ts.
debug: Resolve file:///Users/chandankrishnani/CocosPractice/PracticeProject1/assets/Scripts/Movement.ts from cce:/internal/x/prerequisite-imports as file:///Users/chandankrishnani/CocosPractice/PracticeProject1/assets/Scripts/Movement.ts.
debug: Inspect file:///Users/chandankrishnani/CocosPractice/PracticeProject1/assets/Scripts/Location.ts
debug: Resolve cc from file:///Users/chandankrishnani/CocosPractice/PracticeProject1/assets/Scripts/Location.ts as cce:/internal/x/cc.
debug: Resolve cc from file:///Users/chandankrishnani/CocosPractice/PracticeProject1/assets/Scripts/Location.ts as cce:/internal/x/cc.
debug: Target(preview) ends with cost 125.17696899920702ms.
debug: Dispatch build request for time accumulated 1 asset changes.
debug: Build iteration starts.
Number of accumulated asset changes: 1
Feature changed: false
debug: Target(editor) build started.
debug: Detected change: cce:/internal/x/prerequisite-imports. Last mtime: Thu Jan 01 1970 06:52:57 GMT+0530 (India Standard Time), Current mtime: Thu Jan 01 1970 06:58:25 GMT+0530 (India Standard Time)
debug: Inspect cce:/internal/x/prerequisite-imports
debug: Resolve file:///Users/chandankrishnani/CocosPractice/PracticeProject1/assets/Scripts/Mouseevents.ts from cce:/internal/x/prerequisite-imports as file:///Users/chandankrishnani/CocosPractice/PracticeProject1/assets/Scripts/Mouseevents.ts.
debug: Resolve file:///Users/chandankrishnani/CocosPractice/PracticeProject1/assets/Scripts/Movement.ts from cce:/internal/x/prerequisite-imports as file:///Users/chandankrishnani/CocosPractice/PracticeProject1/assets/Scripts/Movement.ts.
debug: Resolve file:///Users/chandankrishnani/CocosPractice/PracticeProject1/assets/Scripts/Location.ts from cce:/internal/x/prerequisite-imports as file:///Users/chandankrishnani/CocosPractice/PracticeProject1/assets/Scripts/Location.ts.
debug: Detected change: file:///Users/chandankrishnani/CocosPractice/PracticeProject1/assets/Scripts/Location.ts. Last mtime: Wed Sep 01 2021 15:29:21 GMT+0530 (India Standard Time), Current mtime: Wed Sep 01 2021 15:34:47 GMT+0530 (India Standard Time)
debug: Inspect file:///Users/chandankrishnani/CocosPractice/PracticeProject1/assets/Scripts/Location.ts
debug: Resolve cc from file:///Users/chandankrishnani/CocosPractice/PracticeProject1/assets/Scripts/Location.ts as cce:/internal/x/cc.
debug: Resolve cc from file:///Users/chandankrishnani/CocosPractice/PracticeProject1/assets/Scripts/Location.ts as cce:/internal/x/cc.
debug: Target(editor) ends with cost 68.25838999822736ms.
debug: Target(preview) build started.
debug: Detected change: cce:/internal/x/prerequisite-imports. Last mtime: Thu Jan 01 1970 06:52:57 GMT+0530 (India Standard Time), Current mtime: Thu Jan 01 1970 06:58:25 GMT+0530 (India Standard Time)
debug: Inspect cce:/internal/x/prerequisite-imports
debug: Resolve file:///Users/chandankrishnani/CocosPractice/PracticeProject1/assets/Scripts/Location.ts from cce:/internal/x/prerequisite-imports as file:///Users/chandankrishnani/CocosPractice/PracticeProject1/assets/Scripts/Location.ts.
debug: Resolve file:///Users/chandankrishnani/CocosPractice/PracticeProject1/assets/Scripts/Movement.ts from cce:/internal/x/prerequisite-imports as file:///Users/chandankrishnani/CocosPractice/PracticeProject1/assets/Scripts/Movement.ts.
debug: Resolve file:///Users/chandankrishnani/CocosPractice/PracticeProject1/assets/Scripts/Mouseevents.ts from cce:/internal/x/prerequisite-imports as file:///Users/chandankrishnani/CocosPractice/PracticeProject1/assets/Scripts/Mouseevents.ts.
debug: Detected change: file:///Users/chandankrishnani/CocosPractice/PracticeProject1/assets/Scripts/Location.ts. Last mtime: Wed Sep 01 2021 15:29:21 GMT+0530 (India Standard Time), Current mtime: Wed Sep 01 2021 15:34:47 GMT+0530 (India Standard Time)
debug: Inspect file:///Users/chandankrishnani/CocosPractice/PracticeProject1/assets/Scripts/Location.ts
debug: Resolve cc from file:///Users/chandankrishnani/CocosPractice/PracticeProject1/assets/Scripts/Location.ts as cce:/internal/x/cc.
debug: Resolve cc from file:///Users/chandankrishnani/CocosPractice/PracticeProject1/assets/Scripts/Location.ts as cce:/internal/x/cc.
debug: Target(preview) ends with cost 124.36101800017059ms.
debug: Dispatch build request for time accumulated 1 asset changes.
debug: Build iteration starts.
Number of accumulated asset changes: 1
Feature changed: false
debug: Target(editor) build started.
debug: Detected change: cce:/internal/x/prerequisite-imports. Last mtime: Thu Jan 01 1970 06:58:25 GMT+0530 (India Standard Time), Current mtime: Thu Jan 01 1970 06:59:42 GMT+0530 (India Standard Time)
debug: Inspect cce:/internal/x/prerequisite-imports
debug: Resolve file:///Users/chandankrishnani/CocosPractice/PracticeProject1/assets/Scripts/Location.ts from cce:/internal/x/prerequisite-imports as file:///Users/chandankrishnani/CocosPractice/PracticeProject1/assets/Scripts/Location.ts.
debug: Resolve file:///Users/chandankrishnani/CocosPractice/PracticeProject1/assets/Scripts/Mouseevents.ts from cce:/internal/x/prerequisite-imports as file:///Users/chandankrishnani/CocosPractice/PracticeProject1/assets/Scripts/Mouseevents.ts.
debug: Resolve file:///Users/chandankrishnani/CocosPractice/PracticeProject1/assets/Scripts/Movement.ts from cce:/internal/x/prerequisite-imports as file:///Users/chandankrishnani/CocosPractice/PracticeProject1/assets/Scripts/Movement.ts.
debug: Detected change: file:///Users/chandankrishnani/CocosPractice/PracticeProject1/assets/Scripts/Location.ts. Last mtime: Wed Sep 01 2021 15:34:47 GMT+0530 (India Standard Time), Current mtime: Wed Sep 01 2021 15:35:56 GMT+0530 (India Standard Time)
debug: Inspect file:///Users/chandankrishnani/CocosPractice/PracticeProject1/assets/Scripts/Location.ts
debug: Resolve cc from file:///Users/chandankrishnani/CocosPractice/PracticeProject1/assets/Scripts/Location.ts as cce:/internal/x/cc.
debug: Resolve cc from file:///Users/chandankrishnani/CocosPractice/PracticeProject1/assets/Scripts/Location.ts as cce:/internal/x/cc.
debug: Target(editor) ends with cost 86.27572800032794ms.
debug: Target(preview) build started.
debug: Detected change: cce:/internal/x/prerequisite-imports. Last mtime: Thu Jan 01 1970 06:58:25 GMT+0530 (India Standard Time), Current mtime: Thu Jan 01 1970 06:59:43 GMT+0530 (India Standard Time)
debug: Inspect cce:/internal/x/prerequisite-imports
debug: Resolve file:///Users/chandankrishnani/CocosPractice/PracticeProject1/assets/Scripts/Location.ts from cce:/internal/x/prerequisite-imports as file:///Users/chandankrishnani/CocosPractice/PracticeProject1/assets/Scripts/Location.ts.
debug: Resolve file:///Users/chandankrishnani/CocosPractice/PracticeProject1/assets/Scripts/Mouseevents.ts from cce:/internal/x/prerequisite-imports as file:///Users/chandankrishnani/CocosPractice/PracticeProject1/assets/Scripts/Mouseevents.ts.
debug: Resolve file:///Users/chandankrishnani/CocosPractice/PracticeProject1/assets/Scripts/Movement.ts from cce:/internal/x/prerequisite-imports as file:///Users/chandankrishnani/CocosPractice/PracticeProject1/assets/Scripts/Movement.ts.
debug: Detected change: file:///Users/chandankrishnani/CocosPractice/PracticeProject1/assets/Scripts/Location.ts. Last mtime: Wed Sep 01 2021 15:34:47 GMT+0530 (India Standard Time), Current mtime: Wed Sep 01 2021 15:35:56 GMT+0530 (India Standard Time)
debug: Inspect file:///Users/chandankrishnani/CocosPractice/PracticeProject1/assets/Scripts/Location.ts
debug: Resolve cc from file:///Users/chandankrishnani/CocosPractice/PracticeProject1/assets/Scripts/Location.ts as cce:/internal/x/cc.
debug: Resolve cc from file:///Users/chandankrishnani/CocosPractice/PracticeProject1/assets/Scripts/Location.ts as cce:/internal/x/cc.
debug: Target(preview) ends with cost 218.44266599975526ms.
debug: Dispatch build request for time accumulated 1 asset changes.
debug: Build iteration starts.
Number of accumulated asset changes: 1
Feature changed: false
debug: Target(editor) build started.
debug: Detected change: cce:/internal/x/prerequisite-imports. Last mtime: Thu Jan 01 1970 06:59:42 GMT+0530 (India Standard Time), Current mtime: Thu Jan 01 1970 07:17:36 GMT+0530 (India Standard Time)
debug: Inspect cce:/internal/x/prerequisite-imports
debug: Resolve file:///Users/chandankrishnani/CocosPractice/PracticeProject1/assets/Scripts/Keyboard.ts from cce:/internal/x/prerequisite-imports as file:///Users/chandankrishnani/CocosPractice/PracticeProject1/assets/Scripts/Keyboard.ts.
debug: Resolve file:///Users/chandankrishnani/CocosPractice/PracticeProject1/assets/Scripts/Location.ts from cce:/internal/x/prerequisite-imports as file:///Users/chandankrishnani/CocosPractice/PracticeProject1/assets/Scripts/Location.ts.
debug: Resolve file:///Users/chandankrishnani/CocosPractice/PracticeProject1/assets/Scripts/Mouseevents.ts from cce:/internal/x/prerequisite-imports as file:///Users/chandankrishnani/CocosPractice/PracticeProject1/assets/Scripts/Mouseevents.ts.
debug: Resolve file:///Users/chandankrishnani/CocosPractice/PracticeProject1/assets/Scripts/Movement.ts from cce:/internal/x/prerequisite-imports as file:///Users/chandankrishnani/CocosPractice/PracticeProject1/assets/Scripts/Movement.ts.
debug: Inspect file:///Users/chandankrishnani/CocosPractice/PracticeProject1/assets/Scripts/Keyboard.ts
debug: Resolve cc from file:///Users/chandankrishnani/CocosPractice/PracticeProject1/assets/Scripts/Keyboard.ts as cce:/internal/x/cc.
debug: Resolve cc from file:///Users/chandankrishnani/CocosPractice/PracticeProject1/assets/Scripts/Keyboard.ts as cce:/internal/x/cc.
debug: Target(editor) ends with cost 68.61026200093329ms.
debug: Target(preview) build started.
debug: Detected change: cce:/internal/x/prerequisite-imports. Last mtime: Thu Jan 01 1970 06:59:43 GMT+0530 (India Standard Time), Current mtime: Thu Jan 01 1970 07:17:36 GMT+0530 (India Standard Time)
debug: Inspect cce:/internal/x/prerequisite-imports
debug: Resolve file:///Users/chandankrishnani/CocosPractice/PracticeProject1/assets/Scripts/Keyboard.ts from cce:/internal/x/prerequisite-imports as file:///Users/chandankrishnani/CocosPractice/PracticeProject1/assets/Scripts/Keyboard.ts.
debug: Resolve file:///Users/chandankrishnani/CocosPractice/PracticeProject1/assets/Scripts/Mouseevents.ts from cce:/internal/x/prerequisite-imports as file:///Users/chandankrishnani/CocosPractice/PracticeProject1/assets/Scripts/Mouseevents.ts.
debug: Resolve file:///Users/chandankrishnani/CocosPractice/PracticeProject1/assets/Scripts/Movement.ts from cce:/internal/x/prerequisite-imports as file:///Users/chandankrishnani/CocosPractice/PracticeProject1/assets/Scripts/Movement.ts.
debug: Resolve file:///Users/chandankrishnani/CocosPractice/PracticeProject1/assets/Scripts/Location.ts from cce:/internal/x/prerequisite-imports as file:///Users/chandankrishnani/CocosPractice/PracticeProject1/assets/Scripts/Location.ts.
debug: Inspect file:///Users/chandankrishnani/CocosPractice/PracticeProject1/assets/Scripts/Keyboard.ts
debug: Resolve cc from file:///Users/chandankrishnani/CocosPractice/PracticeProject1/assets/Scripts/Keyboard.ts as cce:/internal/x/cc.
debug: Resolve cc from file:///Users/chandankrishnani/CocosPractice/PracticeProject1/assets/Scripts/Keyboard.ts as cce:/internal/x/cc.
debug: Target(preview) ends with cost 113.08185500092804ms.
